Programa:
	lui $t0, 10
	lui $t1, 14
	sub $t2, $t0, $t1
	bgez $t2, 4
	add $t2, $zero, $zero
	skip:

Binário:
	3C08000A
	3C09000E
	0148481D
	05410004
	01400020
	01400020
	01400020

Previsão:
	Total de saltos: 0
	Acertos: 0
	Erros: 0

Ciclos:
	10 ciclos
Ciclo 1:
	Busca:
		lui $t0, 10

Ciclo 2:
	Execução:
		lui $t0, 10

	Busca:
		lui $t1, 14

Ciclo 3:
	Busca da memória:
		lui $t0, 10

	Execução:
		lui $t1, 14

	Busca:
		sub $t2, $t0, $t1

Ciclo 4:
	Alinhamento:
		lui $t0, 10

	Busca da memória:
		lui $t1, 14

	Execução:
		sub $t2, $t0, $t1

	Busca:
		bgez $t2, 4

Ciclo 5:
	Escrita:
		lui $t0, 10

	Efetivando:
		lui $t0, 10

	Alinhamento:
		lui $t1, 14

	Busca da memória:
		sub $t2, $t0, $t1

	Execução:
		bgez $t2, 4

	Busca:
		add $t2, $zero, $zero

Ciclo 6:
	Escrita:
		lui $t1, 14

	Efetivando:
		lui $t1, 14

	Alinhamento:
		sub $t2, $t0, $t1

	Busca da memória:
		bgez $t2, 4

	Execução:
		add $t2, $zero, $zero

	Busca:
		skip:
Ciclo 6:
	Escrita:
		sub $t2, $t0, $t1

	Efetivando:
		sub $t2, $t0, $t1

	Alinhamento:
		bgez $t2, 4

	Busca da memória:
		add $t2, $zero, $zero

Ciclo 6:
	Alinhamento:
		add $t2, $zero, $zero

Ciclo 6:
	Escrita:
		add $t2, $zero, $zero

	Efetivando:
		add $t2, $zero, $zero

Ciclo 6:

Instruções:
	Emitidas: 6
	Efetivadas: 6
